<?xml version="1.0" encoding="UTF-8"?>
<!-- Generated by org.testng.reporters.JUnitXMLReporter -->
<testsuite ignored="0" hostname="Sumathi_Laptop" failures="0" tests="2" name="FirefoxTest" time="31.797" errors="0" timestamp="2024-07-31T11:56:25 MDT">
  <testcase classname="io.cucumber.testng.AbstractTestNGCucumberTests" name="runScenario" time="10.584"/>
  <testcase classname="io.cucumber.testng.AbstractTestNGCucumberTests" name="runScenario" time="15.942"/>
</testsuite> <!-- FirefoxTest -->
